# JRE version: OpenJDK Runtime Environment (16.0.1+9) (build 16.0.1+9-24)
# Java VM: OpenJDK 64-Bit Server VM (16.0.1+9-24, mixed mode, tiered, compressed oops, compressed class ptrs, g1 gc, windows-amd64)
GC Precious Log:
 CPUs: 2 total, 2 available
 Memory: 3928M
 Large Page Support: Disabled
 NUMA Support: Disabled
 Compressed Oops: Enabled (32-bit)
 Heap Region Size: 1M
 Heap Min Capacity: 8M
 Heap Initial Capacity: 62M
 Heap Max Capacity: 984M
 Pre-touch: Disabled
 Parallel Workers: 2
 Concurrent Workers: 1
 Concurrent Refinement Workers: 2
 Periodic GC: Disabled
Heap:
 garbage-first heap   total 27648K, used 11746K [0x00000000c2800000, 0x0000000100000000)
  region size 1024K, 6 young (6144K), 2 survivors (2048K)
 Metaspace       used 25064K, committed 25280K, reserved 1073152K
  class space    used 2731K, committed 2816K, reserved 1048576K
GC Heap History (10 events):
Event: 2.177 GC heap before
{Heap before GC invocations=0 (full 0):
 garbage-first heap   total 63488K, used 7168K [0x00000000c2800000, 0x0000000100000000)
  region size 1024K, 6 young (6144K), 0 survivors (0K)
 Metaspace       used 8548K, committed 8704K, reserved 1056768K
  class space    used 780K, committed 896K, reserved 1048576K
}
Event: 2.185 GC heap after
{Heap after GC invocations=1 (full 0):
 garbage-first heap   total 63488K, used 3575K [0x00000000c2800000, 0x0000000100000000)
  region size 1024K, 1 young (1024K), 1 survivors (1024K)
 Metaspace       used 8548K, committed 8704K, reserved 1056768K
  class space    used 780K, committed 896K, reserved 1048576K
}
Event: 2.659 GC heap before
{Heap before GC invocations=1 (full 0):
 garbage-first heap   total 63488K, used 7671K [0x00000000c2800000, 0x0000000100000000)
  region size 1024K, 5 young (5120K), 1 survivors (1024K)
 Metaspace       used 10178K, committed 10304K, reserved 1064960K
  class space    used 985K, committed 1024K, reserved 1048576K
}
Event: 2.663 GC heap after
{Heap after GC invocations=2 (full 0):
 garbage-first heap   total 63488K, used 4048K [0x00000000c2800000, 0x0000000100000000)
  region size 1024K, 1 young (1024K), 1 survivors (1024K)
 Metaspace       used 10178K, committed 10304K, reserved 1064960K
  class space    used 985K, committed 1024K, reserved 1048576K
}
Event: 3.706 GC heap before
{Heap before GC invocations=2 (full 0):
 garbage-first heap   total 63488K, used 13264K [0x00000000c2800000, 0x0000000100000000)
  region size 1024K, 11 young (11264K), 1 survivors (1024K)
 Metaspace       used 14195K, committed 14336K, reserved 1064960K
  class space    used 1389K, committed 1472K, reserved 1048576K
}
Event: 3.713 GC heap after
{Heap after GC invocations=3 (full 0):
 garbage-first heap   total 63488K, used 5072K [0x00000000c2800000, 0x0000000100000000)
  region size 1024K, 2 young (2048K), 2 survivors (2048K)
 Metaspace       used 14195K, committed 14336K, reserved 1064960K
  class space    used 1389K, committed 1472K, reserved 1048576K
}
Event: 6.234 GC heap before
{Heap before GC invocations=3 (full 0):
 garbage-first heap   total 63488K, used 25552K [0x00000000c2800000, 0x0000000100000000)
  region size 1024K, 23 young (23552K), 2 survivors (2048K)
 Metaspace       used 21038K, committed 21248K, reserved 1073152K
  class space    used 2194K, committed 2304K, reserved 1048576K
}
Event: 6.249 GC heap after
{Heap after GC invocations=4 (full 0):
 garbage-first heap   total 63488K, used 7529K [0x00000000c2800000, 0x0000000100000000)
  region size 1024K, 4 young (4096K), 4 survivors (4096K)
 Metaspace       used 21038K, committed 21248K, reserved 1073152K
  class space    used 2194K, committed 2304K, reserved 1048576K
}
Event: 11.102 GC heap before
{Heap before GC invocations=5 (full 0):
 garbage-first heap   total 27648K, used 19817K [0x00000000c2800000, 0x0000000100000000)
  region size 1024K, 16 young (16384K), 4 survivors (4096K)
 Metaspace       used 24430K, committed 24640K, reserved 1073152K
  class space    used 2654K, committed 2752K, reserved 1048576K
}
Event: 11.120 GC heap after
{Heap after GC invocations=6 (full 0):
 garbage-first heap   total 27648K, used 8674K [0x00000000c2800000, 0x0000000100000000)
  region size 1024K, 2 young (2048K), 2 survivors (2048K)
 Metaspace       used 24430K, committed 24640K, reserved 1073152K
  class space    used 2654K, committed 2752K, reserved 1048576K
}

