# JRE version: OpenJDK Runtime Environment (16.0.1+9) (build 16.0.1+9-24)
# Java VM: OpenJDK 64-Bit Server VM (16.0.1+9-24, mixed mode, tiered, compressed oops, compressed class ptrs, g1 gc, windows-amd64)
GC Precious Log:
 CPUs: 2 total, 2 available
 Memory: 3928M
 Large Page Support: Disabled
 NUMA Support: Disabled
 Compressed Oops: Enabled (32-bit)
 Heap Region Size: 1M
 Heap Min Capacity: 8M
 Heap Initial Capacity: 62M
 Heap Max Capacity: 984M
 Pre-touch: Disabled
 Parallel Workers: 2
 Concurrent Workers: 1
 Concurrent Refinement Workers: 2
 Periodic GC: Disabled
Heap:
 garbage-first heap   total 27648K, used 9595K [0x00000000c2800000, 0x0000000100000000)
  region size 1024K, 5 young (5120K), 2 survivors (2048K)
 Metaspace       used 24892K, committed 25088K, reserved 1073152K
  class space    used 2718K, committed 2816K, reserved 1048576K
GC Heap History (10 events):
Event: 2.347 GC heap before
{Heap before GC invocations=0 (full 0):
 garbage-first heap   total 63488K, used 5120K [0x00000000c2800000, 0x0000000100000000)
  region size 1024K, 6 young (6144K), 0 survivors (0K)
 Metaspace       used 8592K, committed 8832K, reserved 1056768K
  class space    used 784K, committed 896K, reserved 1048576K
}
Event: 2.357 GC heap after
{Heap after GC invocations=1 (full 0):
 garbage-first heap   total 63488K, used 2462K [0x00000000c2800000, 0x0000000100000000)
  region size 1024K, 1 young (1024K), 1 survivors (1024K)
 Metaspace       used 8592K, committed 8832K, reserved 1056768K
  class space    used 784K, committed 896K, reserved 1048576K
}
Event: 2.926 GC heap before
{Heap before GC invocations=1 (full 0):
 garbage-first heap   total 63488K, used 5534K [0x00000000c2800000, 0x0000000100000000)
  region size 1024K, 5 young (5120K), 1 survivors (1024K)
 Metaspace       used 10194K, committed 10304K, reserved 1064960K
  class space    used 986K, committed 1024K, reserved 1048576K
}
Event: 2.932 GC heap after
{Heap after GC invocations=2 (full 0):
 garbage-first heap   total 63488K, used 2899K [0x00000000c2800000, 0x0000000100000000)
  region size 1024K, 1 young (1024K), 1 survivors (1024K)
 Metaspace       used 10194K, committed 10304K, reserved 1064960K
  class space    used 986K, committed 1024K, reserved 1048576K
}
Event: 4.042 GC heap before
{Heap before GC invocations=2 (full 0):
 garbage-first heap   total 63488K, used 13139K [0x00000000c2800000, 0x0000000100000000)
  region size 1024K, 11 young (11264K), 1 survivors (1024K)
 Metaspace       used 14209K, committed 14336K, reserved 1064960K
  class space    used 1387K, committed 1472K, reserved 1048576K
}
Event: 4.048 GC heap after
{Heap after GC invocations=3 (full 0):
 garbage-first heap   total 63488K, used 3945K [0x00000000c2800000, 0x0000000100000000)
  region size 1024K, 2 young (2048K), 2 survivors (2048K)
 Metaspace       used 14209K, committed 14336K, reserved 1064960K
  class space    used 1387K, committed 1472K, reserved 1048576K
}
Event: 6.620 GC heap before
{Heap before GC invocations=3 (full 0):
 garbage-first heap   total 63488K, used 24425K [0x00000000c2800000, 0x0000000100000000)
  region size 1024K, 23 young (23552K), 2 survivors (2048K)
 Metaspace       used 21009K, committed 21248K, reserved 1073152K
  class space    used 2192K, committed 2304K, reserved 1048576K
}
Event: 6.634 GC heap after
{Heap after GC invocations=4 (full 0):
 garbage-first heap   total 63488K, used 6428K [0x00000000c2800000, 0x0000000100000000)
  region size 1024K, 4 young (4096K), 4 survivors (4096K)
 Metaspace       used 21009K, committed 21248K, reserved 1073152K
  class space    used 2192K, committed 2304K, reserved 1048576K
}
Event: 11.510 GC heap before
{Heap before GC invocations=5 (full 0):
 garbage-first heap   total 27648K, used 18716K [0x00000000c2800000, 0x0000000100000000)
  region size 1024K, 16 young (16384K), 4 survivors (4096K)
 Metaspace       used 24385K, committed 24640K, reserved 1073152K
  class space    used 2649K, committed 2752K, reserved 1048576K
}
Event: 11.531 GC heap after
{Heap after GC invocations=6 (full 0):
 garbage-first heap   total 27648K, used 7547K [0x00000000c2800000, 0x0000000100000000)
  region size 1024K, 2 young (2048K), 2 survivors (2048K)
 Metaspace       used 24385K, committed 24640K, reserved 1073152K
  class space    used 2649K, committed 2752K, reserved 1048576K
}

