<?xml version="1.0" encoding="UTF-8"?>
<testsuite xmlns:xsi="http://www.w3.org/2001/XMLSchema-instance" xsi:noNamespaceSchemaLocation="https://maven.apache.org/surefire/maven-surefire-plugin/xsd/surefire-test-report.xsd" name="TestRunner.TestRunner1" time="3.255" tests="5" errors="0" skipped="0" failures="0">
  <properties>
[...]
</properties>
  <testcase name="User is on landing page" classname="Home page default login" time="0.018"/>
  <testcase name="User enters username and password" classname="Home page default login" time="0.006"/>
  <testcase name="Home Page appears" classname="Home page default login" time="0.004"/>
  <testcase name="Credit cards are displayed" classname="Home page default login" time="0.02"/>
  <testcase name="Home page default login" classname="Home page default login" time="0.023"/>
</testsuite>